{
  "RSpec": {
    "coverage": {
      "/Users/james/Development/code/projects/game-table/app/controllers/games_controller.rb": [
        1,
        1,
        null,
        1,
        10,
        null,
        null,
        null,
        1,
        4,
        4,
        null,
        null,
        1,
        2,
        2,
        null,
        null,
        1,
        2,
        2,
        null,
        null,
        1,
        1,
        1,
        null,
        null,
        1,
        0,
        0,
        null,
        null,
        1,
        0,
        0,
        null,
        null,
        1,
        null,
        null,
        null,
        1,
        0,
        null,
        null,
        null,
        1,
        0,
        null,
        null,
        1,
        null,
        1,
        13,
        null,
        null,
        null,
        1,
        0,
        null,
        null,
        null
      ],
      "/Users/james/Development/code/projects/game-table/app/controllers/application_controller.rb": [
        1,
        null,
        null,
        1,
        null
      ],
      "/Users/james/Development/code/projects/game-table/app/controllers/static_pages_controller.rb": [
        1,
        null,
        1,
        null,
        null,
        1,
        null,
        null,
        null
      ],
      "/Users/james/Development/code/projects/game-table/app/models/game.rb": [
        1,
        1,
        1,
        1,
        null,
        null,
        1,
        9,
        null,
        null,
        1,
        0,
        null,
        null,
        1,
        0,
        null,
        null,
        1,
        0,
        null,
        null,
        1,
        0,
        null,
        null,
        1,
        0,
        null,
        null,
        1,
        0,
        null,
        null,
        null,
        null
      ],
      "/Users/james/Development/code/projects/game-table/app/models/game_builder.rb": [
        1,
        null,
        1,
        null,
        2,
        2,
        2,
        null,
        null,
        2,
        2,
        2,
        2,
        2,
        2,
        2,
        2,
        null,
        2,
        2,
        2,
        2,
        2,
        2,
        2,
        2,
        null,
        2,
        2,
        2,
        2,
        2,
        2,
        2,
        2,
        null,
        2,
        2,
        2,
        2,
        2,
        2,
        2,
        2,
        null,
        2,
        null,
        null,
        1,
        4,
        4,
        4,
        null,
        null,
        4,
        4,
        4,
        4,
        null,
        4,
        4,
        4,
        4,
        null,
        4,
        4,
        4,
        4,
        null,
        4,
        4,
        4,
        4,
        null,
        4,
        4,
        4,
        4,
        null,
        4,
        4,
        4,
        4,
        null,
        null,
        null,
        null,
        null,
        null,
        null,
        null,
        4,
        null,
        null,
        1,
        2,
        2,
        2,
        null,
        null,
        2,
        2,
        null,
        2,
        2,
        null,
        2,
        2,
        2,
        2,
        2,
        null,
        2,
        2,
        2,
        2,
        2,
        null,
        2,
        2,
        2,
        null,
        2,
        2,
        2,
        null,
        2,
        2,
        2,
        2,
        2,
        null,
        2,
        2,
        2,
        2,
        2,
        null,
        2,
        null,
        null,
        null,
        1,
        1,
        1,
        1,
        null,
        null,
        1,
        1,
        1,
        1,
        1,
        1,
        1,
        1,
        1,
        1,
        null,
        1,
        1,
        1,
        1,
        1,
        1,
        1,
        1,
        1,
        1,
        null,
        1,
        1,
        1,
        1,
        1,
        1,
        1,
        1,
        1,
        1,
        null,
        1,
        1,
        1,
        1,
        1,
        1,
        1,
        1,
        1,
        1,
        null,
        1,
        1,
        1,
        1,
        1,
        1,
        1,
        1,
        1,
        1,
        null,
        1,
        1,
        1,
        1,
        1,
        1,
        1,
        1,
        1,
        1,
        null,
        1,
        null,
        null,
        null,
        null,
        null,
        null,
        null
      ],
      "/Users/james/Development/code/projects/game-table/app/models/board.rb": [
        1,
        1,
        null
      ],
      "/Users/james/Development/code/projects/game-table/app/models/token.rb": [
        1,
        1,
        1,
        null,
        1,
        560,
        null,
        null,
        1,
        400,
        null,
        null,
        1,
        96,
        96,
        null,
        null,
        null,
        null
      ],
      "/Users/james/Development/code/projects/game-table/app/models/message.rb": [
        1,
        1,
        null
      ],
      "/Users/james/Development/code/projects/game-table/app/controllers/messages_controller.rb": [
        1,
        1,
        null,
        1,
        4,
        4,
        null,
        null,
        4,
        4,
        null,
        null,
        1,
        0,
        0,
        null,
        null,
        0,
        0,
        null,
        null,
        null
      ]
    },
    "timestamp": 1387777518
  }
}
